[askbootstrap.com/preview/eatsome/index.html]
[askbootstrap.com/preview/eatsome/img/logo.png]
[backblue.gif]
[fade.gif]
[index.html]
[askbootstrap.com/preview/eatsome/vender/bootstrap/css/bootstrap.min.css]
[askbootstrap.com/preview/eatsome/vender/icons/icofont.min.css]
[askbootstrap.com/preview/eatsome/vender/slick/slick/slick.css]
[askbootstrap.com/preview/eatsome/vender/slick/slick/slick-theme.css]
[askbootstrap.com/preview/eatsome/vender/fontawesome/css/all.min.css]
[askbootstrap.com/preview/eatsome/vender/sidebar/demo.css]
[askbootstrap.com/preview/eatsome/css/style.css]
[askbootstrap.com/preview/eatsome/notifications.html]
[askbootstrap.com/preview/eatsome/search-list.html]
[askbootstrap.com/preview/eatsome/img/logo8.png]
[askbootstrap.com/preview/eatsome/img/logo1.png]
[askbootstrap.com/preview/eatsome/store.html]
[askbootstrap.com/preview/eatsome/img/logo3.png]
[askbootstrap.com/preview/eatsome/img/logo5.png]
[askbootstrap.com/preview/eatsome/img/logo4.png]
[askbootstrap.com/preview/eatsome/img/logo7.png]
[askbootstrap.com/preview/eatsome/img/logo2.png]
[askbootstrap.com/preview/eatsome/img/logo6.png]
[askbootstrap.com/preview/eatsome/img/d9.png]
[askbootstrap.com/preview/eatsome/img/d3.png]
[askbootstrap.com/preview/eatsome/img/d4.png]
[askbootstrap.com/preview/eatsome/img/d5.png]
[askbootstrap.com/preview/eatsome/img/d2.png]
[askbootstrap.com/preview/eatsome/img/d1.png]
[askbootstrap.com/preview/eatsome/img/d8.png]
[askbootstrap.com/preview/eatsome/img/d7.png]
[askbootstrap.com/preview/eatsome/img/d6.png]
[askbootstrap.com/preview/eatsome/img/1.jpg]
[askbootstrap.com/preview/eatsome/img/delivery.png]
[askbootstrap.com/preview/eatsome/img/graph-up.png]
[askbootstrap.com/preview/eatsome/img/2.jpg]
[askbootstrap.com/preview/eatsome/img/3.jpg]
[askbootstrap.com/preview/eatsome/img/4.jpg]
[askbootstrap.com/preview/eatsome/img/5.jpg]
[askbootstrap.com/preview/eatsome/index-2.html]
[askbootstrap.com/preview/eatsome/offers.html]
[askbootstrap.com/preview/eatsome/cart.html]
[askbootstrap.com/preview/eatsome/your-order.html]
[askbootstrap.com/preview/eatsome/edit-profile.html]
[askbootstrap.com/preview/eatsome/img/user.jpg]
[askbootstrap.com/preview/eatsome/enable-location.html]
[askbootstrap.com/preview/eatsome/location.html]
[askbootstrap.com/preview/eatsome/signup.html]
[askbootstrap.com/preview/eatsome/otp-verify.html]
[askbootstrap.com/preview/eatsome/coupons.html]
[askbootstrap.com/preview/eatsome/wallet.html]
[askbootstrap.com/preview/eatsome/notification-setting.html]
[askbootstrap.com/preview/eatsome/setting.html]
[askbootstrap.com/preview/eatsome/checkout.html]
[askbootstrap.com/preview/eatsome/payment.html]
[askbootstrap.com/preview/eatsome/add-card.html]
[askbootstrap.com/preview/eatsome/personal-info.html]
[askbootstrap.com/preview/eatsome/my-address.html]
[askbootstrap.com/preview/eatsome/order-confirm.html]
[askbootstrap.com/preview/eatsome/order-details.html]
[askbootstrap.com/preview/eatsome/support.html]
[askbootstrap.com/preview/eatsome/vender/jquery/jquery.min.js]
[askbootstrap.com/preview/eatsome/vender/bootstrap/js/bootstrap.bundle.min.js]
[askbootstrap.com/preview/eatsome/vender/slick/slick/slick.min.js]
[askbootstrap.com/preview/eatsome/vender/sidebar/hc-offcanvas-nav.js]
[askbootstrap.com/preview/eatsome/js/custom.js]
[askbootstrap.com/preview/eatsome/index.html]
[askbootstrap.com/preview/eatsome/vender/bootstrap/css/bootstrap.min.css]
[askbootstrap.com/cdn-cgi/scripts/7d0fa10a/cloudflare-static/rocket-loader.min.js]
[askbootstrap.com/preview/eatsome/vender/icons/fonts/icofont.woff2]
[askbootstrap.com/preview/eatsome/vender/icons/icofont.min.css]
[askbootstrap.com/preview/eatsome/vender/slick/slick/slick.css]
[askbootstrap.com/preview/eatsome/vender/icons/fonts/icofont.woff]
[askbootstrap.com/preview/eatsome/vender/slick/slick/ajax-loader.gif]
[askbootstrap.com/preview/eatsome/vender/slick/slick/fonts/slick.eot]
[askbootstrap.com/preview/eatsome/vender/slick/slick/fonts/slickd41d.eot]
[askbootstrap.com/preview/eatsome/vender/slick/slick/fonts/slick.woff]
[askbootstrap.com/preview/eatsome/vender/slick/slick/fonts/slick.ttf]
[askbootstrap.com/preview/eatsome/vender/slick/slick/fonts/slick.svg]
[askbootstrap.com/preview/eatsome/vender/slick/slick/slick-theme.css]
[askbootstrap.com/preview/eatsome/vender/fontawesome/webfonts/fa-brands-400.woff2]
[askbootstrap.com/preview/eatsome/vender/fontawesome/webfonts/fa-brands-400.ttf]
[askbootstrap.com/preview/eatsome/vender/fontawesome/webfonts/fa-regular-400.woff2]
[askbootstrap.com/preview/eatsome/vender/fontawesome/webfonts/fa-regular-400.ttf]
[askbootstrap.com/preview/eatsome/vender/fontawesome/webfonts/fa-solid-900.woff2]
[askbootstrap.com/preview/eatsome/vender/fontawesome/webfonts/fa-solid-900.ttf]
[askbootstrap.com/preview/eatsome/vender/fontawesome/webfonts/fa-v4compatibility.woff2]
[askbootstrap.com/preview/eatsome/vender/fontawesome/webfonts/fa-v4compatibility.ttf]
[askbootstrap.com/preview/eatsome/vender/fontawesome/css/all.min.css]
[askbootstrap.com/preview/eatsome/vender/sidebar/demo.css]
[askbootstrap.com/preview/eatsome/css/style.css]
[askbootstrap.com/preview/eatsome/notifications.html]
[cdn.jsdelivr.net/npm/bootstrap-icons@1.10.3/font/bootstrap-icons.css]
[askbootstrap.com/preview/eatsome/img/6.jpg]
[askbootstrap.com/preview/eatsome/img/7.jpg]
[askbootstrap.com/preview/eatsome/img/8.jpg]
[askbootstrap.com/preview/eatsome/img/9.jpg]
[askbootstrap.com/preview/eatsome/img/10.jpg]
[askbootstrap.com/preview/eatsome/search-list.html]
[askbootstrap.com/preview/eatsome/img/veg.jpg]
[askbootstrap.com/preview/eatsome/img/s1.jpg]
[askbootstrap.com/preview/eatsome/img/s3.jpg]
[askbootstrap.com/preview/eatsome/img/s5.jpg]
[askbootstrap.com/preview/eatsome/img/s6.jpg]
[askbootstrap.com/preview/eatsome/img/s7.jpg]
[askbootstrap.com/preview/eatsome/img/s2.jpg]
[askbootstrap.com/preview/eatsome/img/s4.jpg]
[askbootstrap.com/preview/eatsome/img/s8.jpg]
[askbootstrap.com/preview/eatsome/img/p1.png]
[askbootstrap.com/preview/eatsome/img/p2.png]
[askbootstrap.com/preview/eatsome/store.html]
[askbootstrap.com/preview/eatsome/index-2.html]
[askbootstrap.com/preview/eatsome/img/discount.png]
[askbootstrap.com/preview/eatsome/img/o1.jpg]
[askbootstrap.com/preview/eatsome/img/o2.jpg]
[askbootstrap.com/preview/eatsome/img/o3.jpg]
[askbootstrap.com/preview/eatsome/img/o4.jpg]
[askbootstrap.com/preview/eatsome/img/11.jpg]
[askbootstrap.com/preview/eatsome/offers.html]
[askbootstrap.com/preview/eatsome/cart.html]
[askbootstrap.com/preview/eatsome/your-order.html]
[askbootstrap.com/preview/eatsome/edit-profile.html]
[askbootstrap.com/preview/eatsome/img/pin.png]
[askbootstrap.com/preview/eatsome/enable-location.html]
[askbootstrap.com/preview/eatsome/location.html]
[askbootstrap.com/preview/eatsome/img/sign-up-bg.png]
[askbootstrap.com/preview/eatsome/signup.html]
[askbootstrap.com/preview/eatsome/otp-verify.html]
[askbootstrap.com/preview/eatsome/coupons.html]
[askbootstrap.com/preview/eatsome/img/wallet.png]
[askbootstrap.com/preview/eatsome/wallet.html]
[askbootstrap.com/preview/eatsome/notification-setting.html]
[askbootstrap.com/preview/eatsome/setting.html]
[askbootstrap.com/preview/eatsome/checkout.html]
[askbootstrap.com/preview/eatsome/img/p7.png]
[askbootstrap.com/preview/eatsome/img/p3.png]
[askbootstrap.com/preview/eatsome/img/p4.png]
[askbootstrap.com/preview/eatsome/img/p5.png]
[askbootstrap.com/preview/eatsome/img/p6.png]
[askbootstrap.com/preview/eatsome/payment.html]
[askbootstrap.com/preview/eatsome/add-card.html]
[askbootstrap.com/preview/eatsome/personal-info.html]
[askbootstrap.com/preview/eatsome/my-address.html]
[askbootstrap.com/preview/eatsome/img/green-tick.png]
[askbootstrap.com/preview/eatsome/order-confirm.html]
[askbootstrap.com/preview/eatsome/order-details.html]
[askbootstrap.com/preview/eatsome/img/hand-wash.png]
[askbootstrap.com/preview/eatsome/support.html]
[askbootstrap.com/preview/eatsome/vender/jquery/jquery.min.js]
[askbootstrap.com/preview/eatsome/vender/bootstrap/js/bootstrap.bundle.min.js]
[askbootstrap.com/preview/eatsome/vender/slick/slick/slick.min.js]
[askbootstrap.com/preview/eatsome/vender/sidebar/hc-offcanvas-nav.js]
[askbootstrap.com/preview/eatsome/js/custom.js]
[askbootstrap.com/preview/eatsome/vender/slick/slick/fonts/slick.svg]
[cdn.jsdelivr.net/npm/bootstrap-icons@1.10.3/font/fonts/bootstrap-iconsbf04.woff2]
[cdn.jsdelivr.net/npm/bootstrap-icons@1.10.3/font/fonts/bootstrap-iconsbf04.woff]
[cdn.jsdelivr.net/npm/bootstrap-icons@1.10.3/font/bootstrap-icons.css]
